<?xml version="1.0" encoding="utf-8"?><testsuites name="pytest tests"><testsuite name="pytest" errors="0" failures="0" skipped="0" tests="17" time="2.119" timestamp="2026-03-16T12:39:11.452917+00:00" hostname="agent-env-17fb9683-9ac2-45e0-b501-4b61daf8d9c4"><testcase classname="backend.tests.test_iteration17_features.TestUserMentionSearch" name="test_search_users_without_query" time="0.433" /><testcase classname="backend.tests.test_iteration17_features.TestUserMentionSearch" name="test_search_users_with_query" time="0.061" /><testcase classname="backend.tests.test_iteration17_features.TestUserMentionSearch" name="test_search_users_response_structure" time="0.059" /><testcase classname="backend.tests.test_iteration17_features.TestUserMentionSearch" name="test_search_users_with_limit" time="0.063" /><testcase classname="backend.tests.test_iteration17_features.TestUserMentionSearch" name="test_search_users_excludes_blocked" time="0.062" /><testcase classname="backend.tests.test_iteration17_features.TestUserMentionSearch" name="test_search_users_without_auth" time="0.103" /><testcase classname="backend.tests.test_iteration17_features.TestArticleVersioning" name="test_get_article_versions" time="0.116" /><testcase classname="backend.tests.test_iteration17_features.TestArticleVersioning" name="test_version_list_structure" time="0.125" /><testcase classname="backend.tests.test_iteration17_features.TestArticleVersioning" name="test_get_specific_version" time="0.182" /><testcase classname="backend.tests.test_iteration17_features.TestArticleVersioning" name="test_get_versions_nonexistent_article" time="0.055" /><testcase classname="backend.tests.test_iteration17_features.TestArticleVersioning" name="test_get_nonexistent_version" time="0.114" /><testcase classname="backend.tests.test_iteration17_features.TestArticleVersioning" name="test_versions_sorted_descending" time="0.121" /><testcase classname="backend.tests.test_iteration17_features.TestArticleVersioning" name="test_version_creation_on_article_update" time="0.298" /><testcase classname="backend.tests.test_iteration17_features.TestArticleVersioning" name="test_version_without_auth" time="0.108" /><testcase classname="backend.tests.test_iteration17_features.TestArticleLinkableMention" name="test_search_linkable_articles" time="0.059" /><testcase classname="backend.tests.test_iteration17_features.TestArticleLinkableMention" name="test_search_linkable_short_query" time="0.063" /><testcase classname="backend.tests.test_iteration17_features.TestArticleLinkableMention" name="test_linkable_article_structure" time="0.057" /></testsuite></testsuites>