<?xml version="1.0" encoding="utf-8"?><testsuites name="pytest tests"><testsuite name="pytest" errors="0" failures="0" skipped="0" tests="13" time="1.692" timestamp="2026-03-19T10:29:57.622490+00:00" hostname="agent-env-6963d001-2c91-4fab-8474-e3ad36c54185"><testcase classname="backend.tests.test_iteration25_article_move.TestArticleMoveAPI" name="test_move_article_to_category" time="0.682" /><testcase classname="backend.tests.test_iteration25_article_move.TestArticleMoveAPI" name="test_move_article_to_child_category" time="0.055" /><testcase classname="backend.tests.test_iteration25_article_move.TestArticleMoveAPI" name="test_move_article_to_root" time="0.059" /><testcase classname="backend.tests.test_iteration25_article_move.TestArticleMoveAPI" name="test_get_article_after_move" time="0.111" /><testcase classname="backend.tests.test_iteration25_article_move.TestCategoryHierarchyAPI" name="test_get_categories_returns_hierarchy_data" time="0.000" /><testcase classname="backend.tests.test_iteration25_article_move.TestCategoryHierarchyAPI" name="test_category_tree_structure" time="0.000" /><testcase classname="backend.tests.test_iteration25_article_move.TestDocumentFoldersAPI" name="test_get_document_folders" time="0.052" /><testcase classname="backend.tests.test_iteration25_article_move.TestDocumentFoldersAPI" name="test_folders_have_hierarchy_fields" time="0.052" /><testcase classname="backend.tests.test_iteration25_article_move.TestDocumentFoldersAPI" name="test_create_folder_for_images" time="0.117" /><testcase classname="backend.tests.test_iteration25_article_move.TestDocumentFoldersAPI" name="test_create_nested_folder" time="0.211" /><testcase classname="backend.tests.test_iteration25_article_move.TestDocumentFoldersAPI" name="test_folder_tree_for_image_upload" time="0.053" /><testcase classname="backend.tests.test_iteration25_article_move.TestArticlesByCategory" name="test_get_articles_by_category" time="0.055" /><testcase classname="backend.tests.test_iteration25_article_move.TestArticlesByCategory" name="test_get_articles_for_nonexistent_category" time="0.221" /></testsuite></testsuites>