<?xml version="1.0" encoding="utf-8"?><testsuites name="pytest tests"><testsuite name="pytest" errors="0" failures="0" skipped="0" tests="8" time="1.069" timestamp="2026-03-05T15:24:36.303355+00:00" hostname="agent-env-f7333118-3b06-47aa-9747-678c0aeac776"><testcase classname="tests.test_iteration14_mention.TestLinkableArticlesSearch" name="test_search_linkable_requires_auth" time="0.163" /><testcase classname="tests.test_iteration14_mention.TestLinkableArticlesSearch" name="test_search_linkable_with_valid_query" time="0.456" /><testcase classname="tests.test_iteration14_mention.TestLinkableArticlesSearch" name="test_search_linkable_returns_required_fields" time="0.049" /><testcase classname="tests.test_iteration14_mention.TestLinkableArticlesSearch" name="test_search_linkable_short_query" time="0.049" /><testcase classname="tests.test_iteration14_mention.TestLinkableArticlesSearch" name="test_search_linkable_empty_query" time="0.048" /><testcase classname="tests.test_iteration14_mention.TestLinkableArticlesSearch" name="test_search_linkable_respects_limit" time="0.053" /><testcase classname="tests.test_iteration14_mention.TestLinkableArticlesSearch" name="test_search_linkable_case_insensitive" time="0.112" /><testcase classname="tests.test_iteration14_mention.TestArticleViewNoSummary" name="test_article_response_structure" time="0.112" /></testsuite></testsuites>