<?xml version="1.0" encoding="utf-8"?><testsuites name="pytest tests"><testsuite name="pytest" errors="0" failures="0" skipped="0" tests="22" time="4.647" timestamp="2026-03-16T11:56:27.189960+00:00" hostname="agent-env-17fb9683-9ac2-45e0-b501-4b61daf8d9c4"><testcase classname="backend.tests.test_iteration16_pdf_viewer.TestPDFFileEndpoint" name="test_get_pdf_file_success" time="0.408" /><testcase classname="backend.tests.test_iteration16_pdf_viewer.TestPDFFileEndpoint" name="test_pdf_file_is_valid_pdf" time="0.062" /><testcase classname="backend.tests.test_iteration16_pdf_viewer.TestPDFFileEndpoint" name="test_pdf_file_has_content_disposition" time="0.052" /><testcase classname="backend.tests.test_iteration16_pdf_viewer.TestPDFFileEndpoint" name="test_get_pdf_file_nonexistent_document" time="0.058" /><testcase classname="backend.tests.test_iteration16_pdf_viewer.TestPDFFileEndpoint" name="test_get_pdf_file_requires_authentication" time="0.105" /><testcase classname="backend.tests.test_iteration16_pdf_viewer.TestPDFFileEndpoint" name="test_get_pdf_file_deleted_document" time="0.053" /><testcase classname="backend.tests.test_iteration16_pdf_viewer.TestPDFFileEndpointWithDifferentDocuments" name="test_list_completed_documents_have_files" time="0.183" /><testcase classname="backend.tests.test_iteration16_pdf_viewer.TestPDFFileEndpointIntegration" name="test_document_details_and_file_endpoint" time="0.107" /><testcase classname="backend.tests.test_iteration16_pdf_viewer.TestPDFFileEndpointIntegration" name="test_pdf_file_and_convert_to_html_endpoints" time="0.675" /><testcase classname="backend.tests.test_iteration15_pdf_import.TestPDFToHTMLConversion" name="test_convert_pdf_to_html_success" time="1.270" /><testcase classname="backend.tests.test_iteration15_pdf_import.TestPDFToHTMLConversion" name="test_convert_pdf_returns_formatted_content" time="0.793" /><testcase classname="backend.tests.test_iteration15_pdf_import.TestPDFToHTMLConversion" name="test_convert_nonexistent_document" time="0.058" /><testcase classname="backend.tests.test_iteration15_pdf_import.TestPDFToHTMLConversion" name="test_convert_requires_authentication" time="0.121" /><testcase classname="backend.tests.test_iteration15_pdf_import.TestDocumentMove" name="test_move_document_to_folder" time="0.151" /><testcase classname="backend.tests.test_iteration15_pdf_import.TestDocumentMove" name="test_move_document_to_root" time="0.099" /><testcase classname="backend.tests.test_iteration15_pdf_import.TestDocumentMove" name="test_move_nonexistent_document" time="0.050" /><testcase classname="backend.tests.test_iteration15_pdf_import.TestDocumentMove" name="test_move_to_nonexistent_folder" time="0.063" /><testcase classname="backend.tests.test_iteration15_pdf_import.TestDocumentListing" name="test_list_documents" time="0.059" /><testcase classname="backend.tests.test_iteration15_pdf_import.TestDocumentListing" name="test_get_single_document" time="0.052" /><testcase classname="backend.tests.test_iteration15_pdf_import.TestDocumentListing" name="test_get_nonexistent_document" time="0.046" /><testcase classname="backend.tests.test_iteration15_pdf_import.TestDocumentFolders" name="test_list_folders" time="0.050" /><testcase classname="backend.tests.test_iteration15_pdf_import.TestDocumentFolders" name="test_create_folder" time="0.102" /></testsuite></testsuites>