<?xml version="1.0" encoding="utf-8"?><testsuites name="pytest tests"><testsuite name="pytest" errors="0" failures="0" skipped="0" tests="12" time="7.851" timestamp="2026-03-19T10:55:16.191101+00:00" hostname="agent-env-6963d001-2c91-4fab-8474-e3ad36c54185"><testcase classname="backend.tests.test_iteration26_features.TestUserLastActive" name="test_login_updates_last_active" time="0.518" /><testcase classname="backend.tests.test_iteration26_features.TestUserLastActive" name="test_users_api_returns_last_active_field" time="0.379" /><testcase classname="backend.tests.test_iteration26_features.TestUserLastActive" name="test_auth_me_updates_last_active" time="1.459" /><testcase classname="backend.tests.test_iteration26_features.TestDocumentFolderMove" name="test_move_folder_endpoint_exists" time="0.730" /><testcase classname="backend.tests.test_iteration26_features.TestDocumentFolderMove" name="test_move_folder_to_another_folder" time="0.774" /><testcase classname="backend.tests.test_iteration26_features.TestDocumentFolderMove" name="test_move_folder_to_root" time="0.700" /><testcase classname="backend.tests.test_iteration26_features.TestDocumentFolderMove" name="test_prevent_circular_reference" time="0.700" /><testcase classname="backend.tests.test_iteration26_features.TestDocumentFolderMove" name="test_prevent_move_to_self" time="0.711" /><testcase classname="backend.tests.test_iteration26_features.TestDocumentFolderMove" name="test_move_nonexistent_folder" time="0.365" /><testcase classname="backend.tests.test_iteration26_features.TestDocumentFolderMove" name="test_move_to_nonexistent_target" time="0.722" /><testcase classname="backend.tests.test_iteration26_features.TestUserManagementIntegration" name="test_get_users_returns_expected_fields" time="0.388" /><testcase classname="backend.tests.test_iteration26_features.TestUserManagementIntegration" name="test_password_hash_not_exposed" time="0.373" /></testsuite></testsuites>