<?xml version="1.0" encoding="utf-8"?><testsuites name="pytest tests"><testsuite name="pytest" errors="0" failures="0" skipped="0" tests="13" time="5.582" timestamp="2026-03-19T10:00:47.764798+00:00" hostname="agent-env-6963d001-2c91-4fab-8474-e3ad36c54185"><testcase classname="backend.tests.test_iteration24_documents.TestDocumentsAPI" name="test_get_documents" time="0.415" /><testcase classname="backend.tests.test_iteration24_documents.TestDocumentsAPI" name="test_get_document_folders" time="0.385" /><testcase classname="backend.tests.test_iteration24_documents.TestDocumentsAPI" name="test_document_folder_structure" time="0.386" /><testcase classname="backend.tests.test_iteration24_documents.TestDocumentsAPI" name="test_documents_have_folder_id" time="0.380" /><testcase classname="backend.tests.test_iteration24_documents.TestDocumentMoveAPI" name="test_move_document_endpoint_exists" time="0.419" /><testcase classname="backend.tests.test_iteration24_documents.TestDocumentMoveAPI" name="test_move_document_to_folder" time="0.560" /><testcase classname="backend.tests.test_iteration24_documents.TestDocumentMoveAPI" name="test_move_document_to_root" time="0.466" /><testcase classname="backend.tests.test_iteration24_documents.TestMultiImageUploadAPI" name="test_upload_multiple_images_endpoint_exists" time="0.368" /><testcase classname="backend.tests.test_iteration24_documents.TestMultiImageUploadAPI" name="test_images_endpoint" time="0.385" /><testcase classname="backend.tests.test_iteration24_documents.TestDocumentFolderAPI" name="test_create_folder" time="0.449" /><testcase classname="backend.tests.test_iteration24_documents.TestDocumentFolderAPI" name="test_update_folder" time="0.509" /><testcase classname="backend.tests.test_iteration24_documents.TestDocumentFolderAPI" name="test_delete_folder" time="0.431" /><testcase classname="backend.tests.test_iteration24_documents.TestBilderFolderAutoCreate" name="test_bilder_folder_exists" time="0.397" /></testsuite></testsuites>