<?xml version="1.0" encoding="utf-8"?><testsuites name="pytest tests"><testsuite name="pytest" errors="0" failures="0" skipped="0" tests="20" time="5.783" timestamp="2026-03-16T14:34:04.954798+00:00" hostname="agent-env-960cedc8-38f8-4bd1-a4f3-45723f663daa"><testcase classname="backend.tests.test_iteration20_google_oauth.TestGoogleOAuthEndpoints" name="test_google_oauth_login_endpoint_exists" time="0.298" /><testcase classname="backend.tests.test_iteration20_google_oauth.TestGoogleOAuthEndpoints" name="test_google_oauth_login_redirects_to_google" time="0.135" /><testcase classname="backend.tests.test_iteration20_google_oauth.TestGoogleOAuthEndpoints" name="test_google_oauth_login_includes_required_params" time="0.180" /><testcase classname="backend.tests.test_iteration20_google_oauth.TestGoogleOAuthEndpoints" name="test_google_oauth_login_includes_correct_scopes" time="0.142" /><testcase classname="backend.tests.test_iteration20_google_oauth.TestGoogleOAuthEndpoints" name="test_google_oauth_callback_endpoint_exists" time="0.147" /><testcase classname="backend.tests.test_iteration20_google_oauth.TestGoogleOAuthEndpoints" name="test_google_oauth_callback_without_code_redirects_to_login" time="0.121" /><testcase classname="backend.tests.test_iteration20_google_oauth.TestStandardEmailPasswordLogin" name="test_login_endpoint_exists" time="0.122" /><testcase classname="backend.tests.test_iteration20_google_oauth.TestStandardEmailPasswordLogin" name="test_login_with_valid_admin_credentials" time="0.425" /><testcase classname="backend.tests.test_iteration20_google_oauth.TestStandardEmailPasswordLogin" name="test_login_returns_session_cookie" time="0.333" /><testcase classname="backend.tests.test_iteration20_google_oauth.TestStandardEmailPasswordLogin" name="test_login_with_invalid_password" time="0.340" /><testcase classname="backend.tests.test_iteration20_google_oauth.TestStandardEmailPasswordLogin" name="test_login_with_nonexistent_email" time="0.101" /><testcase classname="backend.tests.test_iteration20_google_oauth.TestAuthMeEndpoint" name="test_auth_me_returns_user_data" time="0.430" /><testcase classname="backend.tests.test_iteration20_google_oauth.TestAuthMeEndpoint" name="test_auth_me_without_session_returns_401" time="0.146" /><testcase classname="backend.tests.test_iteration20_google_oauth.TestAuthMeEndpoint" name="test_auth_me_returns_correct_user_info" time="0.513" /><testcase classname="backend.tests.test_iteration20_google_oauth.TestSessionAndCookieHandling" name="test_session_persists_across_requests" time="0.530" /><testcase classname="backend.tests.test_iteration20_google_oauth.TestSessionAndCookieHandling" name="test_stay_logged_in_option_works" time="0.344" /><testcase classname="backend.tests.test_iteration20_google_oauth.TestSessionAndCookieHandling" name="test_logout_endpoint_exists" time="0.397" /><testcase classname="backend.tests.test_iteration20_google_oauth.TestSessionAndCookieHandling" name="test_logout_clears_session" time="0.724" /><testcase classname="backend.tests.test_iteration20_google_oauth.TestGoogleOAuthClientConfiguration" name="test_google_client_id_is_configured" time="0.172" /><testcase classname="backend.tests.test_iteration20_google_oauth.TestGoogleOAuthClientConfiguration" name="test_callback_redirect_uri_is_correct" time="0.143" /></testsuite></testsuites>