<?xml version="1.0" encoding="utf-8"?><testsuites name="pytest tests"><testsuite name="pytest" errors="0" failures="0" skipped="0" tests="14" time="3.770" timestamp="2026-03-17T16:01:46.960901+00:00" hostname="agent-env-7050ec0c-1a0f-444a-90ce-3d2ad9e22b04"><testcase classname="backend.tests.test_iteration22_notifications.TestNotificationPreferences" name="test_get_default_preferences" time="0.601" /><testcase classname="backend.tests.test_iteration22_notifications.TestNotificationPreferences" name="test_update_preferences" time="0.302" /><testcase classname="backend.tests.test_iteration22_notifications.TestNotificationPreferences" name="test_update_invalid_preferences_ignored" time="0.057" /><testcase classname="backend.tests.test_iteration22_notifications.TestNotificationPreferences" name="test_preferences_unauthorized" time="0.253" /><testcase classname="backend.tests.test_iteration22_notifications.TestReviewRequest" name="test_get_reviewers_empty" time="0.204" /><testcase classname="backend.tests.test_iteration22_notifications.TestReviewRequest" name="test_send_review_request" time="0.353" /><testcase classname="backend.tests.test_iteration22_notifications.TestReviewRequest" name="test_send_review_request_article_not_found" time="0.065" /><testcase classname="backend.tests.test_iteration22_notifications.TestReviewRequest" name="test_remove_reviewer" time="0.421" /><testcase classname="backend.tests.test_iteration22_notifications.TestReviewRequest" name="test_get_reviewers_unauthorized" time="0.286" /><testcase classname="backend.tests.test_iteration22_notifications.TestTestEmail" name="test_send_test_email_admin" time="0.422" /><testcase classname="backend.tests.test_iteration22_notifications.TestTestEmail" name="test_test_email_unauthorized" time="0.175" /><testcase classname="backend.tests.test_iteration22_notifications.TestUsersEndpoint" name="test_get_users_list" time="0.080" /><testcase classname="backend.tests.test_iteration22_notifications.TestUsersEndpoint" name="test_users_has_admin" time="0.093" /><testcase classname="backend.tests.test_iteration22_notifications.TestArticleWithReviewers" name="test_reviewer_can_access_draft" time="0.437" /></testsuite></testsuites>