<?xml version="1.0" encoding="utf-8"?><testsuites name="pytest tests"><testsuite name="pytest" errors="0" failures="0" skipped="0" tests="10" time="2.403" timestamp="2026-03-04T14:53:21.963813+00:00" hostname="agent-env-64c89911-e7ed-4824-a484-7d75ef43301f"><testcase classname="backend.tests.test_iteration11_documents_backup.TestDocumentsBackup" name="test_documents_export_admin_success" time="0.503" /><testcase classname="backend.tests.test_iteration11_documents_backup.TestDocumentsBackup" name="test_documents_export_viewer_forbidden" time="0.698" /><testcase classname="backend.tests.test_iteration11_documents_backup.TestDocumentsBackup" name="test_documents_export_no_auth" time="0.116" /><testcase classname="backend.tests.test_iteration11_documents_backup.TestDocumentsBackup" name="test_documents_import_valid_zip" time="0.112" /><testcase classname="backend.tests.test_iteration11_documents_backup.TestDocumentsBackup" name="test_documents_import_non_zip_file" time="0.051" /><testcase classname="backend.tests.test_iteration11_documents_backup.TestDocumentsBackup" name="test_documents_import_corrupt_zip" time="0.060" /><testcase classname="backend.tests.test_iteration11_documents_backup.TestDocumentsBackup" name="test_documents_import_viewer_forbidden" time="0.058" /><testcase classname="backend.tests.test_iteration11_documents_backup.TestDocumentsBackup" name="test_documents_import_no_auth" time="0.114" /><testcase classname="backend.tests.test_iteration11_documents_backup.TestDocumentsBackup" name="test_documents_import_empty_zip" time="0.159" /><testcase classname="backend.tests.test_iteration11_documents_backup.TestDocumentsBackupIntegration" name="test_export_import_cycle" time="0.499" /></testsuite></testsuites>